2025-08-17 00:40:05 INFO  Utils:112 - [TestNG] Running:
  D:\Java\Automationexercise\testng.xml

2025-08-17 00:40:06 INFO  BaseClass:24 - Launching Chrome Browser...
2025-08-17 00:40:31 INFO  BaseClass:30 - Navigated to AutomationExercise website
2025-08-17 00:40:39 INFO  BaseClass:24 - Launching Chrome Browser...
2025-08-17 00:40:50 INFO  BaseClass:30 - Navigated to AutomationExercise website
2025-08-17 01:04:27 INFO  Utils:112 - [TestNG] Running:
  D:\Java\Automationexercise\testng.xml

2025-08-17 01:04:27 INFO  BaseClass:24 - Launching Chrome Browser...
2025-08-17 01:04:39 INFO  BaseClass:30 - Navigated to AutomationExercise website
2025-08-17 01:04:47 INFO  BaseClass:24 - Launching Chrome Browser...
2025-08-17 01:04:54 INFO  BaseClass:30 - Navigated to AutomationExercise website
2025-08-17 01:04:54 INFO  BaseClass:19 - Navigating to Products page
2025-08-17 01:05:41 INFO  BaseClass:24 - Searching for product: Tshirt
2025-08-17 01:06:03 INFO  Utils:112 - [TestNG] Running:
  D:\Java\Automationexercise\testng.xml

2025-08-17 01:06:03 INFO  BaseClass:24 - Launching Chrome Browser...
2025-08-17 01:06:10 INFO  BaseClass:30 - Navigated to AutomationExercise website
2025-08-17 01:06:18 INFO  BaseClass:24 - Launching Chrome Browser...
2025-08-17 01:06:28 INFO  BaseClass:30 - Navigated to AutomationExercise website
2025-08-17 01:06:28 INFO  BaseClass:19 - Navigating to Products page
2025-08-17 01:06:54 INFO  BaseClass:24 - Searching for product: Tshirt
2025-08-17 01:07:15 INFO  BaseClass:30 - Added product to cart
2025-08-17 01:07:15 INFO  BaseClass:37 - Verified product name matches
2025-08-17 01:07:15 INFO  BaseClass:43 - Verified product price is displayed correctly
2025-08-17 01:13:44 INFO  Utils:112 - [TestNG] Running:
  D:\Java\Automationexercise\testng.xml

2025-08-17 01:13:44 INFO  BaseClass:24 - Launching Chrome Browser...
2025-08-17 01:13:52 INFO  BaseClass:30 - Navigated to AutomationExercise website
2025-08-17 01:14:04 INFO  BaseClass:24 - Launching Chrome Browser...
2025-08-17 01:14:11 INFO  BaseClass:30 - Navigated to AutomationExercise website
2025-08-17 01:14:11 INFO  BaseClass:19 - Navigating to Products page
2025-08-17 01:14:15 INFO  BaseClass:24 - Searching for product: Tshirt
2025-08-17 01:14:20 INFO  BaseClass:30 - Added product to cart
2025-08-17 01:14:20 INFO  BaseClass:37 - Verified product name matches
2025-08-17 01:14:21 INFO  BaseClass:46 - Screenshot captured: screenshots/verifyAddToCart.png
2025-08-17 12:41:34 INFO  Utils:112 - [TestNG] Running:
  D:\Java\Automationexercise\testng.xml

2025-08-17 12:41:34 INFO  BaseClass:24 - Launching Chrome Browser...
2025-08-17 12:41:42 INFO  BaseClass:30 - Navigated to AutomationExercise website
2025-08-17 12:41:47 INFO  BaseClass:24 - Launching Chrome Browser...
2025-08-17 12:41:56 INFO  BaseClass:30 - Navigated to AutomationExercise website
2025-08-17 12:41:56 INFO  BaseClass:19 - Navigating to Products page
2025-08-17 12:43:29 INFO  BaseClass:24 - Searching for product: Tshirt
2025-08-17 12:43:47 INFO  Utils:112 - [TestNG] Running:
  D:\Java\Automationexercise\testng.xml

2025-08-17 12:43:47 INFO  BaseClass:24 - Launching Chrome Browser...
2025-08-17 12:43:54 INFO  BaseClass:30 - Navigated to AutomationExercise website
2025-08-17 12:45:59 INFO  Utils:112 - [TestNG] Running:
  D:\Java\Automationexercise\testng.xml

2025-08-17 12:46:00 INFO  BaseClass:24 - Launching Chrome Browser...
2025-08-17 12:46:20 INFO  BaseClass:30 - Navigated to AutomationExercise website
2025-08-17 12:46:53 INFO  BaseClass:24 - Launching Chrome Browser...
2025-08-17 12:48:29 INFO  Utils:112 - [TestNG] Running:
  D:\Java\Automationexercise\testng.xml

2025-08-17 12:48:29 INFO  BaseClass:24 - Launching Chrome Browser...
2025-08-17 12:48:40 INFO  BaseClass:30 - Navigated to AutomationExercise website
2025-08-17 12:49:45 INFO  Utils:112 - [TestNG] Running:
  D:\Java\Automationexercise\testng.xml

2025-08-17 12:49:45 INFO  BaseClass:24 - Launching Chrome Browser...
2025-08-17 12:49:51 INFO  BaseClass:30 - Navigated to AutomationExercise website
2025-08-17 12:54:52 INFO  Utils:112 - [TestNG] Running:
  D:\Java\Automationexercise\testng.xml

2025-08-17 12:54:52 INFO  BaseClass:24 - Launching Chrome Browser...
2025-08-17 12:54:59 INFO  BaseClass:30 - Navigated to AutomationExercise website
2025-08-17 12:55:06 INFO  BaseClass:24 - Launching Chrome Browser...
2025-08-17 12:55:10 INFO  BaseClass:30 - Navigated to AutomationExercise website
2025-08-17 12:55:10 INFO  BaseClass:19 - Navigating to Products page
2025-08-17 12:55:48 INFO  BaseClass:24 - Searching for product: Tshirt
2025-08-17 12:57:26 INFO  Utils:112 - [TestNG] Running:
  D:\Java\Automationexercise\testng.xml

2025-08-17 12:57:26 INFO  BaseClass:24 - Launching Chrome Browser...
2025-08-17 12:58:24 INFO  BaseClass:24 - Launching Chrome Browser...
2025-08-17 12:59:55 INFO  Utils:112 - [TestNG] Running:
  D:\Java\Automationexercise\testng.xml

2025-08-17 12:59:55 INFO  BaseClass:24 - Launching Chrome Browser...
2025-08-17 13:00:02 INFO  BaseClass:30 - Navigated to AutomationExercise website
2025-08-17 13:00:08 INFO  BaseClass:24 - Launching Chrome Browser...
2025-08-17 13:00:25 INFO  BaseClass:30 - Navigated to AutomationExercise website
2025-08-17 13:00:25 INFO  BaseClass:19 - Navigating to Products page
2025-08-17 13:01:35 INFO  BaseClass:24 - Searching for product: Tshirt
2025-08-17 13:04:14 INFO  Utils:112 - [TestNG] Running:
  D:\Java\Automationexercise\testng.xml

2025-08-17 13:04:14 INFO  BaseClass:24 - Launching Chrome Browser...
2025-08-17 13:04:21 INFO  BaseClass:30 - Navigated to AutomationExercise website
2025-08-17 13:04:27 INFO  BaseClass:24 - Launching Chrome Browser...
2025-08-17 13:04:45 INFO  BaseClass:30 - Navigated to AutomationExercise website
2025-08-17 13:04:45 INFO  BaseClass:19 - Navigating to Products page
2025-08-17 13:05:37 INFO  BaseClass:24 - Searching for product: Tshirt
2025-08-17 13:06:56 INFO  Utils:112 - [TestNG] Running:
  D:\Java\Automationexercise\testng.xml

2025-08-17 13:06:56 INFO  BaseClass:24 - Launching Chrome Browser...
2025-08-17 13:07:03 INFO  BaseClass:30 - Navigated to AutomationExercise website
2025-08-17 13:07:09 INFO  BaseClass:24 - Launching Chrome Browser...
2025-08-17 13:07:14 INFO  BaseClass:30 - Navigated to AutomationExercise website
2025-08-17 13:07:14 INFO  BaseClass:19 - Navigating to Products page
2025-08-17 13:08:21 INFO  BaseClass:24 - Searching for product: Tshirt
2025-08-17 13:08:51 INFO  Utils:112 - [TestNG] Running:
  D:\Java\Automationexercise\testng.xml

2025-08-17 13:08:52 INFO  BaseClass:24 - Launching Chrome Browser...
2025-08-17 13:08:59 INFO  BaseClass:30 - Navigated to AutomationExercise website
2025-08-17 13:08:59 INFO  BaseClass:19 - Navigating to Products page
2025-08-17 13:09:02 INFO  BaseClass:24 - Searching for product: Tshirt
2025-08-17 13:09:06 INFO  BaseClass:30 - Added product to cart
2025-08-17 13:09:06 INFO  BaseClass:37 - Verified product name matches
2025-08-17 13:09:07 INFO  BaseClass:43 - Verified product price is displayed correctly
2025-08-17 13:15:25 INFO  Utils:112 - [TestNG] Running:
  D:\Java\Automationexercise\testng.xml

2025-08-17 13:15:25 INFO  BaseClass:23 - Launching Chrome Browser...
2025-08-17 13:15:48 INFO  BaseClass:23 - Launching Chrome Browser...
2025-08-17 13:16:43 INFO  Utils:112 - [TestNG] Running:
  D:\Java\Automationexercise\testng.xml

2025-08-17 13:16:43 INFO  BaseClass:23 - Launching Chrome Browser...
2025-08-17 13:16:57 INFO  BaseClass:31 - Navigated to AutomationExercise website
2025-08-17 13:22:48 INFO  Utils:112 - [TestNG] Running:
  D:\Java\Automationexercise\testng.xml

2025-08-17 13:22:48 INFO  BaseClass:24 - Launching Chrome Browser...
2025-08-17 13:22:50 INFO  BaseClass:30 - Navigating to AutomationExercise website...
2025-08-17 13:23:00 INFO  BaseClass:37 - Resetting to homepage...
2025-08-17 13:23:03 INFO  BaseClass:24 - Launching Chrome Browser...
2025-08-17 13:23:05 INFO  BaseClass:30 - Navigating to AutomationExercise website...
2025-08-17 13:23:09 INFO  BaseClass:19 - Navigating to Products page
2025-08-17 13:23:13 INFO  BaseClass:24 - Searching for product: Tshirt
2025-08-17 13:23:18 INFO  BaseClass:30 - Added product to cart
2025-08-17 13:23:18 INFO  BaseClass:37 - Verified product name matches
2025-08-17 13:23:18 INFO  BaseClass:43 - Verified product price is displayed correctly
2025-08-17 13:23:18 INFO  BaseClass:37 - Resetting to homepage...
2025-08-17 13:28:24 INFO  Utils:112 - [TestNG] Running:
  D:\Java\Automationexercise\testng.xml

2025-08-17 13:28:24 INFO  BaseClass:24 - Launching Chrome Browser...
2025-08-17 13:28:27 INFO  BaseClass:30 - Navigating to AutomationExercise website...
2025-08-17 13:28:35 INFO  BaseClass:37 - Resetting to homepage...
2025-08-17 13:28:38 INFO  BaseClass:24 - Launching Chrome Browser...
2025-08-17 13:28:39 INFO  BaseClass:30 - Navigating to AutomationExercise website...
2025-08-17 13:29:21 INFO  BaseClass:19 - Navigating to Products page
2025-08-17 13:29:50 INFO  Utils:112 - [TestNG] Running:
  D:\Java\Automationexercise\testng.xml

2025-08-17 13:29:50 INFO  BaseClass:24 - Launching Chrome Browser...
2025-08-17 13:29:53 INFO  BaseClass:30 - Navigating to AutomationExercise website...
2025-08-17 13:30:02 INFO  BaseClass:37 - Resetting to homepage...
2025-08-17 13:30:05 INFO  BaseClass:24 - Launching Chrome Browser...
2025-08-17 13:30:07 INFO  BaseClass:30 - Navigating to AutomationExercise website...
2025-08-17 13:30:20 INFO  BaseClass:19 - Navigating to Products page
2025-08-17 13:30:29 INFO  BaseClass:24 - Searching for product: Tshirt
2025-08-17 13:30:34 INFO  BaseClass:30 - Added product to cart
2025-08-17 13:30:34 INFO  BaseClass:37 - Verified product name matches
2025-08-17 13:30:35 INFO  BaseClass:43 - Verified product price is displayed correctly
2025-08-17 13:30:35 INFO  BaseClass:37 - Resetting to homepage...
